--------------------------------------------------------------------------------------------------------------------------------------------------------------
      name:  <unnamed>
       log:  C:\Users\abize\OneDrive\Desktop\Econometrics\Empirical_Project\Empirical_Project_Exploration_Output.log
  log type:  text
 opened on:   5 Dec 2023, 13:01:54

. 
. clear all               /* Clear memory */

. set more off            /* Uninterrupted Scrolling for Results */

. 
. * I.A Import Growth Data Dataset
. *  Command:  
. use "GrowthData.dta", clear

. 
. * I.A.1 Describe variables in the dataset
. *  Command:  
. describe

Contains data from GrowthData.dta
 Observations:            82                  
    Variables:            51                  18 Oct 2020 12:59
--------------------------------------------------------------------------------------------------------------------------------------------------------------
Variable      Storage   Display    Value
    name         type    format    label      Variable label
--------------------------------------------------------------------------------------------------------------------------------------------------------------
country         str18   %18s                  country
lgdp_change     float   %9.0g                 Average GDP Growth Rate
lcapital_change float   %9.0g                 Average Capital Accumulation
llabor_change   float   %9.0g                 Average Labor Force Change
corruption_co~l float   %9.0g                 World Bank Corruption Control Measure
rule_of_law     float   %9.0g                 World Bank Rule of Law Measure
colonial_origin byte    %8.0g                 Colonial Origin Indicator
comp_ed_years   byte    %8.0g                 Compulsory education, duration (years) [SE.COM.DURS]
primary_c~emale float   %9.0g                 Primary completion rate, female (% of relevant age group) [SE.PRM.CMPT.FE.ZS]
primary_c~_male float   %9.0g                 Primary completion rate, male (% of relevant age group) [SE.PRM.CMPT.MA.ZS]
primary_compl~l float   %9.0g                 Primary completion rate, total (% of relevant age group) [SE.PRM.CMPT.ZS]
rural_popn_pct  float   %9.0g                 Rural population (% of total population) [SP.RUR.TOTL.ZS]
urban_popn_pct  float   %9.0g                 Urban population (% of total population) [SP.URB.TOTL.IN.ZS]
renew_elect_pct float   %9.0g                 Renewable electricity output (% of total electricity output) [EG.ELC.RNEW.ZS]
renew_energy_~t float   %9.0g                 Renewable energy consumption (% of total energy consumption) [EG.FEC.RNEW.ZS]
elect_access_~n float   %9.0g                 Access to electricity, urban (% of urban population) [EG.ELC.ACCS.UR.ZS]
elect_access~al float   %9.0g                 Access to electricity, rural (% of rural population) [EG.ELC.ACCS.RU.ZS]
elect_access~ll float   %9.0g                 Access to electricity (% of population) [EG.ELC.ACCS.ZS]
atms_per_100k   float   %9.0g                 Automated teller machines (ATMs) (per 100,000 adults) [FB.ATM.TOTL.P5]
lfpr_female     float   %9.0g                 Labor force participation rate, female (% of fem pop 15-64) [SL.TLF.ACTI.FE.ZS]
lfpr_male       float   %9.0g                 Labor force participation rate, male (% of male pop 15-64) [SL.TLF.ACTI.MA.ZS]
tax_rev_pect    float   %9.0g                 Tax revenue (% of GDP) [GC.TAX.TOTL.GD.ZS]
military_pers~l float   %9.0g                 Armed forces personnel (% of total labor force) [MS.MIL.TOTL.TF.ZS]
merchandise_t~e float   %9.0g                 Merchandise trade (% of GDP) [TG.VAL.TOTL.GD.ZS]
broadband_subs  float   %9.0g                 Fixed broadband subscriptions (per 100 people) [IT.NET.BBND.P2]
telephone_subs  float   %9.0g                 Fixed telephone subscriptions (per 100 people) [IT.MLT.MAIN.P2]
internet_usage  float   %9.0g                 Individuals using the Internet (% of population) [IT.NET.USER.ZS]
cellular_subs   float   %9.0g                 Mobile cellular subscriptions (per 100 people) [IT.CEL.SETS.P2]
secure_servers  float   %9.0g                 Secure Internet servers (per 1 million people) [IT.NET.SECR.P6]
health_exp_pc~p float   %9.0g                 Current health expenditure (% of GDP) [SH.XPD.CHEX.GD.ZS]
hosp_beds_pe~1k float   %9.0g                 Hospital beds (per 1,000 people) [SH.MED.BEDS.ZS]
phys_per_1k     float   %9.0g                 Physicians (per 1,000 people) [SH.MED.PHYS.ZS]
dpt_immunizat~n byte    %8.0g                 Immunization, DPT (% of children ages 12-23 months) [SH.IMM.IDPT]
measels_immun~n byte    %8.0g                 Immunization, measles (% of children ages 12-23 months) [SH.IMM.MEAS]
basic_drinkin~r float   %9.0g                 People using at least basic drinking water services (% of popn) [SH.H2O.BASW.ZS]
basic_sanitat~n float   %9.0g                 People using at least basic sanitation services (% of popn) [SH.STA.BASS.ZS]
life_expectancy float   %9.0g                 Life expectancy at birth, total (years) [SP.DYN.LE00.IN]
infant_mortal~y float   %9.0g                 Mortality rate, infant (per 1,000 live births) [SP.DYN.IMRT.IN]
suicide_morta~y float   %9.0g                 Suicide mortality rate (per 100,000 population) [SH.STA.SUIC.P5]
undernourishm~t float   %9.0g                 Prevalence of undernourishment (% of population) [SN.ITK.DEFC.ZS]
age_depend_ra~o float   %9.0g                 Age dependency ratio (% of working-age population) [SP.POP.DPND]
birth_rate      float   %9.0g                 Birth rate, crude (per 1,000 people) [SP.DYN.CBRT.IN]
death_rate      float   %9.0g                 Death rate, crude (per 1,000 people) [SP.DYN.CDRT.IN]
female_pop_pct  float   %9.0g                 Population, female (% of total population) [SP.POP.TOTL.FE.ZS]
male_pop_pct    float   %9.0g                 Population, male (% of total population) [SP.POP.TOTL.MA.ZS]
birth_sex_ratio float   %9.0g                 Sex ratio at birth (male births per female births) [SP.POP.BRTH.MF]
adol_fert_rate  float   %9.0g                 Adolescent fertility rate (births per 1,000 women ages 15-19) [SP.ADO.TFRT]
fertility_rate  float   %9.0g                 Fertility rate, total (births per woman) [SP.DYN.TFRT.IN]
maternal_mort~y int     %8.0g                 Maternal mortality ratio (modeled estimate, per 100k live births) [SH.STA.MMRT]
diabetes_prev~e float   %9.0g                 Diabetes prevalence (% of population ages 20 to 79) [SH.STA.DIAB.ZS]
alcohol_consu~n float   %9.0g                 Total alcohol consumption per capita (liters of pure alcohol) [SH.ALC.PCAP.LI]
--------------------------------------------------------------------------------------------------------------------------------------------------------------
Sorted by: 

. 
. * I.A.2 Plot histograms for the cross-section of average changes in gdp, 
. *  capital, and labor.  
. *  Command:  
. histogram lgdp_change 
(bin=9, start=-.018156, width=.01151917)

. graph export "lgdp_change.pdf" 
file lgdp_change.pdf saved as PDF format

. 
. histogram lcapital_change
(bin=9, start=-.019529, width=.01165998)

. graph export "lcapital_change.pdf"
file lcapital_change.pdf saved as PDF format

. 
. histogram llabor_change
(bin=9, start=-.0113993, width=.00605007)

. graph export "llabor_change.pdf"
file llabor_change.pdf saved as PDF format

. *  Command:  graph export "{Export Filename}.pdf" 
. 
. 
. 
. * I.A.3 Plot scatterplot matrix for average changes in gdp, capital, and labor.  
. *  Command:  
. graph matrix lgdp_change lcapital_change llabor_change

. *  Command:  
. graph export "scat_gcl.pdf" 
file scat_gcl.pdf saved as PDF format

. 
. 
. * I.B.2 Plot histogram for [treatment] and export it to pdf file
. *  Command:  
. histogram internet_usage
(bin=9, start=.75, width=10.293333)

. *  Command:  
. graph export "internet_usage.pdf" 
file internet_usage.pdf saved as PDF format

. 
. 
. * I.B.3 Plot scatterplot for treatment against average changes in gdp, 
. *  capital, and labor.  
. *  Command:  scatter [treatment] {variable name}
. *  Command:  graph export "{Export Filename}.pdf" 
. scatter internet_usage lgdp_change

. graph export "intvgdp.pdf" 
file intvgdp.pdf saved as PDF format

. 
. scatter internet_usage lcapital_change

. graph export "intvcap.pdf" 
file intvcap.pdf saved as PDF format

. 
. scatter internet_usage llabor_change

. graph export "intvlabor.pdf" 
file intvlabor.pdf saved as PDF format

. 
. * I.B.4 Compute the correlation between treatment variable, % Change in GDP, 
. *  and all other variables included in the data set
. *  Command:  
. correl internet_usage lgdp_change *
(country ignored because string variable)
(obs=81)

             | intern~e lgdp_c~e lgdp_c~e lcapit~e llabor~e corrup~l rule_o~w coloni~n comp_e~s pr~emale pr~_male primar~l rural_~t urban_~t re~t_pct re~y_pct
-------------+------------------------------------------------------------------------------------------------------------------------------------------------
internet_u~e |   1.0000
 lgdp_change |  -0.4494   1.0000
 lgdp_change |  -0.4494   1.0000   1.0000
lcapital_c~e |  -0.2156   0.7725   0.7725   1.0000
llabor_cha~e |  -0.6309   0.7168   0.7168   0.3831   1.0000
corruption~l |   0.8743  -0.2911  -0.2911  -0.1506  -0.4264   1.0000
 rule_of_law |   0.8875  -0.2859  -0.2859  -0.1432  -0.4404   0.9835   1.0000
colonial_o~n |  -0.7385   0.6149   0.6149   0.3549   0.7449  -0.5965  -0.6102   1.0000
comp_ed_ye~s |   0.4039  -0.2195  -0.2195  -0.2280  -0.1697   0.3560   0.3507  -0.2162   1.0000
primar~emale |   0.6310  -0.3266  -0.3266  -0.1142  -0.4842   0.4033   0.4436  -0.5371   0.3430   1.0000
primar~_male |   0.6211  -0.3427  -0.3427  -0.1478  -0.4712   0.3885   0.4305  -0.5571   0.3539   0.9589   1.0000
primary_co~l |   0.6215  -0.3345  -0.3345  -0.1251  -0.4710   0.3970   0.4369  -0.5546   0.3350   0.9820   0.9786   1.0000
rural_popn~t |  -0.8193   0.4643   0.4643   0.2810   0.4680  -0.6586  -0.6730   0.5413  -0.4541  -0.6603  -0.6505  -0.6564   1.0000
urban_popn~t |   0.8193  -0.4643  -0.4643  -0.2810  -0.4680   0.6586   0.6730  -0.5413   0.4541   0.6603   0.6505   0.6564  -1.0000   1.0000
renew_elec~t |  -0.3400   0.2693   0.2693   0.0567   0.3960  -0.2530  -0.2724   0.3751  -0.0494  -0.2359  -0.2207  -0.2445   0.3486  -0.3486   1.0000
renew_ener~t |  -0.7340   0.5665   0.5665   0.2664   0.6614  -0.4908  -0.5241   0.6888  -0.3780  -0.7498  -0.7264  -0.7469   0.7623  -0.7623   0.6227   1.0000
elect_acce~n |   0.6317  -0.3903  -0.3903  -0.1651  -0.4269   0.4190   0.4491  -0.5539   0.4476   0.7056   0.7245   0.7128  -0.7300   0.7300  -0.2035  -0.7042
elect_acc~al |   0.7941  -0.5655  -0.5655  -0.2965  -0.6808   0.5889   0.6180  -0.7704   0.4243   0.7878   0.7752   0.7829  -0.7651   0.7651  -0.3717  -0.8668
elect_acc~ll |   0.7717  -0.5310  -0.5310  -0.2803  -0.5925   0.5464   0.5783  -0.6682   0.4829   0.7985   0.7860   0.7938  -0.8396   0.8396  -0.3189  -0.8555
atms_pe~100k |   0.7506  -0.3068  -0.3068  -0.0846  -0.4129   0.7209   0.7424  -0.5858   0.2311   0.4025   0.3808   0.3966  -0.6021   0.6021  -0.2760  -0.5461
 lfpr_female |   0.0917  -0.1735  -0.1735  -0.1825  -0.3250   0.1274   0.0679  -0.2581  -0.2057  -0.1492  -0.1591  -0.1479   0.1294  -0.1294   0.1251   0.1726
   lfpr_male |  -0.1141   0.3475   0.3475   0.2027   0.1699   0.0448   0.0038   0.2271  -0.1377  -0.3245  -0.3533  -0.3338   0.2474  -0.2474   0.1868   0.3516
tax_rev_pect |   0.5584  -0.2721  -0.2721  -0.1685  -0.4856   0.5479   0.5389  -0.4555   0.1525   0.4266   0.3946   0.4057  -0.4148   0.4148  -0.3690  -0.4591
military_p~l |   0.1803  -0.0773  -0.0773   0.0202  -0.0078   0.0894   0.1273  -0.1900   0.1470   0.2673   0.2781   0.2817  -0.3337   0.3337  -0.2941  -0.3618
merchandis~e |   0.2374  -0.2891  -0.2891  -0.1815  -0.3336   0.0904   0.1170  -0.2662   0.2615   0.2749   0.2358   0.2572  -0.1791   0.1791  -0.3148  -0.3788
broadband_~s |   0.9535  -0.4769  -0.4769  -0.2508  -0.6467   0.8838   0.8885  -0.7777   0.3644   0.5516   0.5440   0.5448  -0.7597   0.7597  -0.3752  -0.6768
telephone_~s |   0.8803  -0.4614  -0.4614  -0.2068  -0.6238   0.7947   0.8034  -0.7622   0.3667   0.5879   0.5782   0.5885  -0.7530   0.7530  -0.3812  -0.7249
internet_u~e |   1.0000  -0.4494  -0.4494  -0.2156  -0.6309   0.8743   0.8875  -0.7385   0.4039   0.6310   0.6211   0.6215  -0.8193   0.8193  -0.3400  -0.7340
cellular_s~s |   0.6516  -0.4655  -0.4655  -0.2113  -0.5820   0.4194   0.4429  -0.4978   0.4424   0.6682   0.6519   0.6707  -0.7398   0.7398  -0.2900  -0.7153
secure_ser~s |   0.7273  -0.2450  -0.2450  -0.2290  -0.3103   0.8257   0.7964  -0.5096   0.3631   0.3343   0.3433   0.3427  -0.5239   0.5239  -0.1169  -0.3326
health_exp~p |   0.5766  -0.3437  -0.3437  -0.2810  -0.3111   0.6317   0.6203  -0.3840   0.2975   0.2741   0.2450   0.2676  -0.5131   0.5131  -0.1209  -0.3920
hosp_beds~1k |   0.6330  -0.6820  -0.6820  -0.4647  -0.7498   0.4227   0.4340  -0.7643   0.2430   0.5838   0.5965   0.5895  -0.5937   0.5937  -0.2965  -0.6676
 phys_per_1k |   0.6773  -0.7098  -0.7098  -0.4429  -0.7513   0.4464   0.4646  -0.7790   0.3646   0.6373   0.6272   0.6277  -0.6774   0.6774  -0.3913  -0.7919
dpt_immuni~n |   0.5684  -0.4086  -0.4086  -0.2961  -0.5383   0.4246   0.4511  -0.4481   0.3501   0.6214   0.5660   0.5943  -0.5308   0.5308  -0.1806  -0.5988
measels_im~n |   0.5270  -0.3536  -0.3536  -0.2048  -0.5047   0.3796   0.3862  -0.4043   0.2728   0.5594   0.5131   0.5490  -0.5286   0.5286  -0.2229  -0.5616
basic_drin~r |   0.7502  -0.4678  -0.4678  -0.1647  -0.5977   0.5918   0.6156  -0.5714   0.4216   0.7378   0.7100   0.7264  -0.8024   0.8024  -0.3966  -0.7768
basic_sani~n |   0.8262  -0.5376  -0.5376  -0.2728  -0.6159   0.6342   0.6592  -0.6833   0.4306   0.7986   0.7766   0.7932  -0.8088   0.8088  -0.3177  -0.8601
life_expec~y |   0.8145  -0.4531  -0.4531  -0.1849  -0.5477   0.6760   0.7077  -0.5951   0.4841   0.7818   0.7510   0.7718  -0.8394   0.8394  -0.3436  -0.7933
infant_mor~y |  -0.8328   0.4785   0.4785   0.1790   0.6363  -0.6671  -0.6918   0.6281  -0.4398  -0.8114  -0.7636  -0.7877   0.8140  -0.8140   0.3399   0.8090
suicide_mo~y |   0.3434  -0.4691  -0.4691  -0.2390  -0.7072   0.1403   0.1454  -0.5192   0.0462   0.3180   0.3049   0.3008  -0.2729   0.2729  -0.2922  -0.4251
undernouri~t |  -0.7548   0.5298   0.5298   0.2889   0.6166  -0.6115  -0.6444   0.6228  -0.2125  -0.6022  -0.5954  -0.5977   0.7638  -0.7638   0.4852   0.7564
age_depend~o |  -0.8586   0.5403   0.5403   0.2112   0.7902  -0.6699  -0.6959   0.7771  -0.3497  -0.6972  -0.6791  -0.6880   0.7688  -0.7688   0.3953   0.8116
  birth_rate |  -0.8590   0.5687   0.5687   0.2216   0.7980  -0.6710  -0.6983   0.7705  -0.3751  -0.7519  -0.7207  -0.7398   0.7800  -0.7800   0.4334   0.8505
  death_rate |  -0.3364   0.0554   0.0554  -0.0580   0.0578  -0.2193  -0.2599   0.0948  -0.3432  -0.5761  -0.5546  -0.5731   0.5179  -0.5179   0.0961   0.4433
female_pop~t |   0.2523  -0.5198  -0.5198  -0.2781  -0.5995   0.1459   0.1248  -0.4335   0.0008   0.1251   0.0448   0.0710  -0.1874   0.1874  -0.3373  -0.3384
male_pop_pct |  -0.2523   0.5198   0.5198   0.2781   0.5995  -0.1459  -0.1248   0.4335  -0.0008  -0.1251  -0.0448  -0.0710   0.1874  -0.1874   0.3373   0.3384
birth_sex_~o |   0.5358  -0.1771  -0.1771   0.0212  -0.3636   0.3229   0.3727  -0.5384   0.2003   0.4881   0.4892   0.4955  -0.4806   0.4806  -0.3483  -0.5720
adol_fert_~e |  -0.8215   0.4399   0.4399   0.1816   0.6621  -0.6890  -0.7036   0.7283  -0.3725  -0.7112  -0.6909  -0.7045   0.6828  -0.6828   0.3695   0.7953
fertility_~e |  -0.8464   0.5257   0.5257   0.1797   0.7550  -0.6524  -0.6792   0.7356  -0.3649  -0.7852  -0.7443  -0.7685   0.7789  -0.7789   0.3972   0.8428
maternal_m~y |  -0.7342   0.4293   0.4293   0.1963   0.5463  -0.5251  -0.5668   0.5624  -0.5136  -0.7924  -0.7766  -0.7867   0.7793  -0.7793   0.3269   0.7987
diabetes_p~e |   0.2488  -0.1595  -0.1595   0.0076  -0.2224   0.1356   0.1852  -0.1181   0.3614   0.3798   0.3751   0.3639  -0.3294   0.3294  -0.2471  -0.4654
alcohol_co~n |   0.6008  -0.5335  -0.5335  -0.2590  -0.7256   0.4304   0.4258  -0.6102   0.2361   0.4996   0.4432   0.4813  -0.5384   0.5384  -0.2615  -0.5990

             | elect_~n elect~al elect~ll atm~100k lfpr_f~e lfpr_m~e tax_re~t milita~l mercha~e broadb~s teleph~s intern~e cellul~s secure~s health~p hosp_~1k
-------------+------------------------------------------------------------------------------------------------------------------------------------------------
elect_acce~n |   1.0000
elect_acc~al |   0.8032   1.0000
elect_acc~ll |   0.9094   0.9534   1.0000
atms_pe~100k |   0.4689   0.5994   0.5712   1.0000
 lfpr_female |  -0.3496  -0.1008  -0.2424   0.0175   1.0000
   lfpr_male |  -0.2439  -0.2578  -0.3113  -0.0405   0.2950   1.0000
tax_rev_pect |   0.2555   0.4483   0.3909   0.2964   0.1464  -0.1368   1.0000
military_p~l |   0.3003   0.3018   0.3317   0.1135  -0.3752  -0.3980   0.2330   1.0000
merchandis~e |   0.1444   0.2641   0.2565  -0.0053   0.0011  -0.3394   0.4223   0.1006   1.0000
broadband_~s |   0.5473   0.7601   0.6986   0.7714   0.1759  -0.0940   0.5486   0.1581   0.2194   1.0000
telephone_~s |   0.6188   0.8000   0.7511   0.8173   0.0869  -0.1013   0.4585   0.2022   0.0983   0.9216   1.0000
internet_u~e |   0.6317   0.7941   0.7717   0.7506   0.0917  -0.1141   0.5584   0.1803   0.2374   0.9535   0.8803   1.0000
cellular_s~s |   0.7132   0.7211   0.7896   0.3720  -0.1471  -0.2747   0.3594   0.2491   0.3031   0.5672   0.5755   0.6516   1.0000
secure_ser~s |   0.3255   0.4596   0.4122   0.5903   0.2542   0.1481   0.3949  -0.0525   0.0068   0.7570   0.6572   0.7273   0.2779   1.0000
health_exp~p |   0.3104   0.4501   0.4112   0.5603   0.0989   0.0539   0.2818   0.2357   0.0458   0.6063   0.6110   0.5766   0.3662   0.5587   1.0000
hosp_beds~1k |   0.5051   0.7259   0.6665   0.3606   0.2451  -0.3127   0.3909   0.0591   0.3223   0.6122   0.6229   0.6330   0.6001   0.3832   0.3045   1.0000
 phys_per_1k |   0.6206   0.8223   0.7724   0.3955   0.0833  -0.3424   0.4187   0.3014   0.3530   0.6596   0.6709   0.6773   0.7412   0.3227   0.4334   0.8386
dpt_immuni~n |   0.4297   0.6055   0.5948   0.3298   0.0587  -0.1636   0.4788   0.2033   0.4024   0.4929   0.4762   0.5684   0.5495   0.3310   0.3620   0.5768
measels_im~n |   0.3943   0.5758   0.5621   0.3273   0.1222  -0.1001   0.4115   0.2039   0.3781   0.4568   0.4465   0.5270   0.4943   0.3178   0.2961   0.4909
basic_drin~r |   0.8000   0.8361   0.8766   0.5810  -0.2135  -0.1660   0.4531   0.3096   0.2639   0.7085   0.7367   0.7502   0.7542   0.4329   0.4124   0.5503
basic_sani~n |   0.8079   0.9333   0.9374   0.6281  -0.1508  -0.2577   0.4448   0.3332   0.2528   0.7560   0.7981   0.8262   0.7474   0.4775   0.5223   0.6823
life_expec~y |   0.8362   0.8648   0.9083   0.6375  -0.2161  -0.1970   0.4733   0.2746   0.2469   0.7554   0.8009   0.8145   0.7717   0.5152   0.4963   0.5748
infant_mor~y |  -0.7809  -0.8666  -0.8874  -0.6315   0.0662   0.1729  -0.5171  -0.2769  -0.3023  -0.7755  -0.8043  -0.8328  -0.7924  -0.4933  -0.5314  -0.6254
suicide_mo~y |   0.2483   0.4257   0.3541   0.1347   0.3669  -0.1581   0.2906  -0.0290   0.3734   0.3597   0.3643   0.3434   0.4086   0.0892   0.1330   0.6896
undernouri~t |  -0.6463  -0.7865  -0.7841  -0.5901   0.0928   0.2422  -0.4978  -0.2825  -0.2353  -0.7211  -0.7290  -0.7548  -0.6115  -0.4407  -0.5397  -0.6105
age_depend~o |  -0.7391  -0.8739  -0.8594  -0.6886  -0.0358   0.2157  -0.4889  -0.1433  -0.2364  -0.8374  -0.8653  -0.8586  -0.7402  -0.4997  -0.4477  -0.7072
  birth_rate |  -0.7495  -0.8880  -0.8754  -0.6691  -0.0070   0.2199  -0.5469  -0.2090  -0.2932  -0.8301  -0.8615  -0.8590  -0.7817  -0.4781  -0.4753  -0.7041
  death_rate |  -0.6876  -0.4720  -0.6046  -0.3129   0.5021   0.1389  -0.1563  -0.2240  -0.1081  -0.2290  -0.3301  -0.3364  -0.4824  -0.1585  -0.1720  -0.1391
female_pop~t |  -0.0089   0.2648   0.1858   0.1313   0.4335  -0.1818   0.2321  -0.1416   0.3306   0.2830   0.2792   0.2523   0.3027   0.0485   0.1482   0.5056
male_pop_pct |   0.0089  -0.2648  -0.1858  -0.1313  -0.4335   0.1818  -0.2321   0.1416  -0.3306  -0.2830  -0.2792  -0.2523  -0.3027  -0.0485  -0.1482  -0.5056
birth_sex_~o |   0.5919   0.6155   0.6166   0.5662  -0.2354  -0.1866   0.2031   0.2559   0.1493   0.5345   0.5876   0.5358   0.4792   0.2140   0.1412   0.3504
adol_fert_~e |  -0.6849  -0.8408  -0.8050  -0.6345   0.0417   0.1723  -0.5307  -0.2682  -0.2169  -0.7878  -0.8081  -0.8215  -0.6632  -0.4929  -0.4320  -0.6257
fertility_~e |  -0.7755  -0.8889  -0.8888  -0.6706   0.0295   0.2070  -0.5204  -0.1794  -0.2758  -0.8058  -0.8501  -0.8464  -0.7825  -0.4709  -0.4606  -0.6738
maternal_m~y |  -0.8337  -0.8763  -0.9281  -0.5398   0.3002   0.2508  -0.4015  -0.2936  -0.2727  -0.6446  -0.7014  -0.7342  -0.7889  -0.3842  -0.3965  -0.5842
diabetes_p~e |   0.5544   0.4699   0.5360   0.3162  -0.4999  -0.1069   0.0253   0.2858   0.1753   0.1967   0.2942   0.2488   0.4371   0.0167   0.2024   0.1101
alcohol_co~n |   0.3967   0.5891   0.5685   0.4434   0.3233  -0.1949   0.3762  -0.0187   0.3476   0.6001   0.5878   0.6008   0.5805   0.3156   0.3605   0.6582

             | phys_~1k dpt_im~n measel~n basic_~r basic_~n life_e~y infant~y suicid~y undern~t age_de~o birth_~e death_~e female~t male_p~t birth_~o adol_f~e
-------------+------------------------------------------------------------------------------------------------------------------------------------------------
 phys_per_1k |   1.0000
dpt_immuni~n |   0.5650   1.0000
measels_im~n |   0.4764   0.8489   1.0000
basic_drin~r |   0.6714   0.5924   0.5847   1.0000
basic_sani~n |   0.7812   0.6872   0.6410   0.8372   1.0000
life_expec~y |   0.6850   0.6185   0.5643   0.8930   0.8853   1.0000
infant_mor~y |  -0.7189  -0.7015  -0.6555  -0.8585  -0.9203  -0.9369   1.0000
suicide_mo~y |   0.5971   0.3908   0.3762   0.3232   0.3750   0.2741  -0.4122   1.0000
undernouri~t |  -0.6923  -0.4844  -0.5228  -0.7865  -0.7755  -0.7731   0.7533  -0.3958   1.0000
age_depend~o |  -0.7748  -0.5767  -0.5234  -0.8359  -0.8455  -0.8509   0.8580  -0.5223   0.7860   1.0000
  birth_rate |  -0.7941  -0.6375  -0.5871  -0.8700  -0.8801  -0.8922   0.9227  -0.5126   0.7959   0.9727   1.0000
  death_rate |  -0.2166  -0.3675  -0.3592  -0.5971  -0.5121  -0.7400   0.5835   0.0578   0.4398   0.4054   0.4486   1.0000
female_pop~t |   0.5135   0.2326   0.2259   0.1687   0.2092   0.1489  -0.2630   0.6425  -0.3336  -0.3667  -0.3817   0.2121   1.0000
male_pop_pct |  -0.5135  -0.2326  -0.2259  -0.1687  -0.2092  -0.1489   0.2630  -0.6425   0.3336   0.3667   0.3817  -0.2121  -1.0000   1.0000
birth_sex_~o |   0.4353   0.1809   0.2446   0.5680   0.5523   0.5696  -0.5250   0.1820  -0.5462  -0.6092  -0.5844  -0.4253   0.0266  -0.0266   1.0000
adol_fert_~e |  -0.7034  -0.6445  -0.5690  -0.7365  -0.8520  -0.8102   0.8512  -0.3994   0.6569   0.8412   0.8828   0.4163  -0.2313   0.2313  -0.5764   1.0000
fertility_~e |  -0.7668  -0.6339  -0.5904  -0.8818  -0.8874  -0.9112   0.9252  -0.4730   0.8003   0.9702   0.9895   0.5191  -0.3579   0.3579  -0.5977   0.8696
maternal_m~y |  -0.6966  -0.6486  -0.6132  -0.8611  -0.8800  -0.9219   0.8743  -0.2934   0.7657   0.8090   0.8419   0.7126  -0.1498   0.1498  -0.6217   0.7736
diabetes_p~e |   0.2873   0.2878   0.2537   0.5481   0.4852   0.5237  -0.4732   0.1422  -0.3891  -0.3867  -0.4133  -0.5418  -0.0037   0.0037   0.3840  -0.3468
alcohol_co~n |   0.6424   0.4890   0.5335   0.5116   0.5923   0.5058  -0.6514   0.6150  -0.5433  -0.6777  -0.6962  -0.0416   0.5418  -0.5418   0.2890  -0.5374

             | fertil~e matern~y diabet~e alcoho~n
-------------+------------------------------------
fertility_~e |   1.0000
maternal_m~y |   0.8692   1.0000
diabetes_p~e |  -0.4424  -0.5932   1.0000
alcohol_co~n |  -0.6619  -0.4941   0.1396   1.0000


. 
. * I.B.6 Relabel the selected control variables with simple but descriptive names
. *  Command:  
. label variable corruption_control "WB corruption control measure"

. label variable rule_of_law "WB rule of law measure"

. label variable rural_popn_pct "rural pop (% of pop)"

. label variable telephone_subs "tel subs (/100 ppl)"

. label variable elect_access_rural "access to electricity (% of rural pop)"

. label variable internet_usage "% of pop using internet"

. label variable lgdp_change "avg GDP growth rate"

. label variable internet_usage "% of pop using internet"

. 
. describe lgdp_change internet_usage elect_access_rural telephone_subs rural_popn_pct rule_of_law corruption_control

Variable      Storage   Display    Value
    name         type    format    label      Variable label
--------------------------------------------------------------------------------------------------------------------------------------------------------------
lgdp_change     float   %9.0g                 avg GDP growth rate
internet_usage  float   %9.0g                 % of pop using internet
elect_access~al float   %9.0g                 access to electricity (% of rural pop)
telephone_subs  float   %9.0g                 tel subs (/100 ppl)
rural_popn_pct  float   %9.0g                 rural pop (% of pop)
rule_of_law     float   %9.0g                 WB rule of law measure
corruption_co~l float   %9.0g                 WB corruption control measure

. 
. * I.C.1 Compute summary statistics for % change in GDP, % change in Capital 
. *  stock, % change in labor supply, [treatment], and your five control variables
. * Command:  
. tabstat lgdp_change lcapital_change llabor_change internet_usage ///
>                 corruption_control rule_of_law rural_popn_pct telephone_subs elect_access_rural, ///
>                  stats(n mean sd min p5 p25 median p75 p95 max)

   Stats |  lgdp_c~e  lcapit~e  llabor~e  intern~e  corrup~l  rule_o~w  rural_~t  teleph~s  elect~al
---------+------------------------------------------------------------------------------------------
       N |        81        81        81        81        81        81        81        81        81
    Mean |  .0299033   .032487  .0167909  41.04531  .2290069  .1905294  45.52572  23.50654  66.13096
      SD |  .0174099  .0178388  .0138041  30.82096  1.128248    1.0495  23.72826  20.02792  41.18741
     Min |  -.018156  -.019529 -.0113993       .75 -1.211142 -1.278965     3.623  .1766061  .6680729
      p5 |  .0062575  .0107808 -.0067661      2.26 -1.002275 -1.054386    14.567   .867883  1.549492
     p25 |  .0172206  .0209613  .0053022      10.5 -.7591709 -.7303879    26.606  3.115875  13.57282
     p50 |  .0285875  .0300506  .0174534     39.82 -.2048135 -.1523256    43.071  21.53218  98.02519
     p75 |  .0416297  .0424168  .0282456        70  1.219646  1.198157    62.223  43.00232       100
     p95 |   .054962  .0638292  .0351198     88.72  2.298141  1.939743    87.379  57.60986       100
     Max |  .0855165  .0854108  .0430513     93.39  2.467116  2.069676    94.584  65.44843       100
----------------------------------------------------------------------------------------------------

. 
. * I.C.2 Compute the Correlation matrix for the relevant variables in your study
. * Command:  
. correl lgdp_change lcapital_change llabor_change internet_usage ///
>                 corruption_control rule_of_law rural_popn_pct telephone_subs elect_access_rural
(obs=81)

             | lgdp_c~e lcapit~e llabor~e intern~e corrup~l rule_o~w rural_~t teleph~s elect~al
-------------+---------------------------------------------------------------------------------
 lgdp_change |   1.0000
lcapital_c~e |   0.7725   1.0000
llabor_cha~e |   0.7168   0.3831   1.0000
internet_u~e |  -0.4494  -0.2156  -0.6309   1.0000
corruption~l |  -0.2911  -0.1506  -0.4264   0.8743   1.0000
 rule_of_law |  -0.2859  -0.1432  -0.4404   0.8875   0.9835   1.0000
rural_popn~t |   0.4643   0.2810   0.4680  -0.8193  -0.6586  -0.6730   1.0000
telephone_~s |  -0.4614  -0.2068  -0.6238   0.8803   0.7947   0.8034  -0.7530   1.0000
elect_acc~al |  -0.5655  -0.2965  -0.6808   0.7941   0.5889   0.6180  -0.7651   0.8000   1.0000


. 
end of do-file

. do "C:\Users\abize\AppData\Local\Temp\STD2f30_000000.tmp"

. log close
      name:  <unnamed>
       log:  C:\Users\abize\OneDrive\Desktop\Econometrics\Empirical_Project\Empirical_Project_Exploration_Output.log
  log type:  text
 closed on:   5 Dec 2023, 13:02:41
--------------------------------------------------------------------------------------------------------------------------------------------------------------
